0 info it worked if it ends with ok
1 verbose cli [ '/usr/local/bin/node',
1 verbose cli   '/usr/local/bin/npm',
1 verbose cli   'install',
1 verbose cli   '-g',
1 verbose cli   'ios-deploy' ]
2 info using npm@3.5.2
3 info using node@v5.0.0
4 silly loadCurrentTree Starting
5 silly install loadCurrentTree
6 silly install readGlobalPackageData
7 silly fetchPackageMetaData ios-deploy
8 silly fetchNamedPackageData ios-deploy
9 silly mapToRegistry name ios-deploy
10 silly mapToRegistry using default registry
11 silly mapToRegistry registry https://registry.npmjs.org/
12 silly mapToRegistry uri https://registry.npmjs.org/ios-deploy
13 verbose request uri https://registry.npmjs.org/ios-deploy
14 verbose request no auth needed
15 info attempt registry request try #1 at 11:31:56 AM
16 verbose request id ed7b599f7cc522c8
17 verbose etag "BEW881I38BM5U9LQ4MJ64XZRQ"
18 http request GET https://registry.npmjs.org/ios-deploy
19 http 304 https://registry.npmjs.org/ios-deploy
20 verbose headers { date: 'Tue, 05 Jan 2016 05:31:58 GMT',
20 verbose headers   via: '1.1 varnish',
20 verbose headers   'cache-control': 'max-age=300',
20 verbose headers   etag: '"BEW881I38BM5U9LQ4MJ64XZRQ"',
20 verbose headers   age: '0',
20 verbose headers   connection: 'keep-alive',
20 verbose headers   'x-served-by': 'cache-sin6923-SIN',
20 verbose headers   'x-cache': 'MISS',
20 verbose headers   'x-cache-hits': '0',
20 verbose headers   'x-timer': 'S1451971918.338111,VS0,VE1044',
20 verbose headers   vary: 'Accept' }
21 silly get cb [ 304,
21 silly get   { date: 'Tue, 05 Jan 2016 05:31:58 GMT',
21 silly get     via: '1.1 varnish',
21 silly get     'cache-control': 'max-age=300',
21 silly get     etag: '"BEW881I38BM5U9LQ4MJ64XZRQ"',
21 silly get     age: '0',
21 silly get     connection: 'keep-alive',
21 silly get     'x-served-by': 'cache-sin6923-SIN',
21 silly get     'x-cache': 'MISS',
21 silly get     'x-cache-hits': '0',
21 silly get     'x-timer': 'S1451971918.338111,VS0,VE1044',
21 silly get     vary: 'Accept' } ]
22 verbose etag https://registry.npmjs.org/ios-deploy from cache
23 verbose get saving ios-deploy to /Users/farazi/.npm/registry.npmjs.org/ios-deploy/.cache.json
24 silly install normalizeTree
25 silly loadCurrentTree Finishing
26 silly loadIdealTree Starting
27 silly install loadIdealTree
28 silly cloneCurrentTree Starting
29 silly install cloneCurrentTreeToIdealTree
30 silly cloneCurrentTree Finishing
31 silly loadShrinkwrap Starting
32 silly install loadShrinkwrap
33 silly loadShrinkwrap Finishing
34 silly loadAllDepsIntoIdealTree Starting
35 silly install loadAllDepsIntoIdealTree
36 silly resolveWithNewModule ios-deploy@1.8.3 checking installable status
37 silly cache add args [ 'ios-deploy', null ]
38 verbose cache add spec ios-deploy
39 silly cache add parsed spec Result {
39 silly cache add   raw: 'ios-deploy',
39 silly cache add   scope: null,
39 silly cache add   name: 'ios-deploy',
39 silly cache add   rawSpec: '',
39 silly cache add   spec: 'latest',
39 silly cache add   type: 'tag' }
40 silly addNamed ios-deploy@latest
41 verbose addNamed "latest" is being treated as a dist-tag for ios-deploy
42 info addNameTag [ 'ios-deploy', 'latest' ]
43 silly mapToRegistry name ios-deploy
44 silly mapToRegistry using default registry
45 silly mapToRegistry registry https://registry.npmjs.org/
46 silly mapToRegistry uri https://registry.npmjs.org/ios-deploy
47 verbose addNameTag registry:https://registry.npmjs.org/ios-deploy not in flight; fetching
48 verbose get https://registry.npmjs.org/ios-deploy not expired, no request
49 silly addNameTag next cb for ios-deploy with tag latest
50 silly addNamed ios-deploy@1.8.3
51 verbose addNamed "1.8.3" is a plain semver version for ios-deploy
52 silly cache afterAdd ios-deploy@1.8.3
53 verbose afterAdd /Users/farazi/.npm/ios-deploy/1.8.3/package/package.json not in flight; writing
54 verbose afterAdd /Users/farazi/.npm/ios-deploy/1.8.3/package/package.json written
55 silly loadAllDepsIntoIdealTree Finishing
56 silly idealTree:prePrune lib
56 silly idealTree:prePrune └── ios-deploy@1.8.3
57 silly loadIdealTree Finishing
58 silly currentTree lib
59 silly idealTree lib
59 silly idealTree └── ios-deploy@1.8.3
60 silly generateActionsToTake Starting
61 silly install generateActionsToTake
62 silly generateActionsToTake Finishing
63 silly diffTrees action count 1
64 silly diffTrees add ios-deploy@1.8.3
65 silly decomposeActions action count 8
66 silly decomposeActions fetch ios-deploy@1.8.3
67 silly decomposeActions extract ios-deploy@1.8.3
68 silly decomposeActions test ios-deploy@1.8.3
69 silly decomposeActions preinstall ios-deploy@1.8.3
70 silly decomposeActions build ios-deploy@1.8.3
71 silly decomposeActions install ios-deploy@1.8.3
72 silly decomposeActions postinstall ios-deploy@1.8.3
73 silly decomposeActions finalize ios-deploy@1.8.3
74 silly executeActions Starting
75 silly install executeActions
76 silly doSerial global-install 0
77 silly doParallel fetch 1
78 verbose lock using /Users/farazi/.npm/_locks/staging-3a08f0df5026584d.lock for /usr/local/lib/node_modules/.staging
79 silly doParallel extract 1
80 silly extract ios-deploy@1.8.3
81 verbose unbuild lib/node_modules/.staging/ios-deploy-298c9491
82 silly gentlyRm /usr/local/lib/node_modules/.staging/ios-deploy-298c9491 is being purged from base /usr/local
83 verbose gentlyRm don't care about contents; nuking /usr/local/lib/node_modules/.staging/ios-deploy-298c9491
84 verbose tar unpack /Users/farazi/.npm/ios-deploy/1.8.3/package.tgz
85 verbose tar unpacking to /usr/local/lib/node_modules/.staging/ios-deploy-298c9491
86 silly gentlyRm /usr/local/lib/node_modules/.staging/ios-deploy-298c9491 is being purged
87 verbose gentlyRm don't care about contents; nuking /usr/local/lib/node_modules/.staging/ios-deploy-298c9491
88 silly gunzTarPerm modes [ '755', '644' ]
89 silly gunzTarPerm extractEntry package.json
90 silly gunzTarPerm extractEntry .npmignore
91 silly gunzTarPerm extractEntry README.md
92 silly gunzTarPerm extractEntry LICENSE
93 silly gunzTarPerm extractEntry CONTRIBUTING.md
94 silly gunzTarPerm extractEntry demo/.npmignore
95 silly gunzTarPerm extractEntry demo/Entitlements.plist
96 silly gunzTarPerm extractEntry demo/Info.plist
97 silly gunzTarPerm extractEntry demo/Makefile
98 silly gunzTarPerm extractEntry demo/ResourceRules.plist
99 silly gunzTarPerm extractEntry demo/demo.c
100 silly gunzTarPerm extractEntry ios-deploy.xcodeproj/project.pbxproj
101 silly gunzTarPerm extractEntry src/check_reqs.js
102 silly gunzTarPerm extractEntry src/MobileDevice.h
103 silly gunzTarPerm extractEntry src/errors.h
104 silly gunzTarPerm extractEntry src/ios-deploy.c
105 silly gentlyRm /usr/local/lib/node_modules/.staging/ios-deploy-298c9491/node_modules is being purged
106 verbose gentlyRm don't care about contents; nuking /usr/local/lib/node_modules/.staging/ios-deploy-298c9491/node_modules
107 silly doParallel preinstall 1
108 silly preinstall ios-deploy@1.8.3 /usr/local/lib/node_modules/.staging/ios-deploy-298c9491
109 info lifecycle ios-deploy@1.8.3~preinstall: ios-deploy@1.8.3
110 warn lifecycle ios-deploy@1.8.3~preinstall: cannot run in wd %s %s (wd=%s) ios-deploy@1.8.3 ./src/check_reqs.js && xcodebuild /usr/local/lib/node_modules/.staging/ios-deploy-298c9491
111 silly doReverseSerial remove 0
112 silly doSerial move 0
113 silly doSerial finalize 1
114 silly finalize /usr/local/lib/node_modules/ios-deploy
115 silly doSerial build 1
116 silly build ios-deploy@1.8.3
117 info linkStuff ios-deploy@1.8.3
118 silly linkStuff ios-deploy@1.8.3 has /usr/local/lib/node_modules as its parent node_modules
119 silly linkStuff ios-deploy@1.8.3 is part of a global install
120 silly linkStuff ios-deploy@1.8.3 is installed into a global node_modules
121 silly linkStuff ios-deploy@1.8.3 is installed into the top-level global node_modules
122 verbose linkBins ios-deploy@1.8.3
123 verbose link bins [ { 'ios-deploy': './build/Release/ios-deploy' },
123 verbose link bins   '/usr/local/bin',
123 verbose link bins   true ]
124 verbose linkMans ios-deploy@1.8.3
125 verbose unlock done using /Users/farazi/.npm/_locks/staging-3a08f0df5026584d.lock for /usr/local/lib/node_modules/.staging
126 silly rollbackFailedOptional Starting
127 silly rollbackFailedOptional Finishing
128 silly runTopLevelLifecycles Starting
129 silly runTopLevelLifecycles Finishing
130 silly install printInstalled
131 verbose stack Error: ENOENT: no such file or directory, chmod '/usr/local/lib/node_modules/ios-deploy/build/Release/ios-deploy'
131 verbose stack     at Error (native)
132 verbose cwd /Users/farazi/git/ionic-googlemap
133 error Darwin 15.0.0
134 error argv "/usr/local/bin/node" "/usr/local/bin/npm" "install" "-g" "ios-deploy"
135 error node v5.0.0
136 error npm  v3.5.2
137 error path /usr/local/lib/node_modules/ios-deploy/build/Release/ios-deploy
138 error code ENOENT
139 error errno -2
140 error syscall chmod
141 error enoent ENOENT: no such file or directory, chmod '/usr/local/lib/node_modules/ios-deploy/build/Release/ios-deploy'
142 error enoent ENOENT: no such file or directory, chmod '/usr/local/lib/node_modules/ios-deploy/build/Release/ios-deploy'
142 error enoent This is most likely not a problem with npm itself
142 error enoent and is related to npm not being able to find a file.
143 verbose exit [ -2, true ]
